<?xml version="1.0" encoding="UTF-8"?>
<!-- Generated by org.testng.reporters.JUnitReportReporter -->
<testsuite skipped="0" hostname="Admin-PC" name="BaseClasses.Utility" tests="1" failures="0" timestamp="2022-03-07T12:02:14 IST" time="46.578" errors="0">
  <testcase name="TC01" time="46.578" classname="BaseClasses.Utility"/>
  <system-out/>
</testsuite> <!-- BaseClasses.Utility -->
